<?xml version="1.0" encoding="UTF-8"?><testsuite name="nosetests" tests="51" errors="0" failures="0" skip="0"><testcase classname="test_decorator.TestRetryDecoraton" name="test_noRetry" time="0.000" /><testcase classname="test_decorator.TestRetryDecoraton" name="test_oneRetry_failure" time="0.000" /><testcase classname="test_decorator.TestRetryDecoraton" name="test_oneRetry_success" time="0.000" /><testcase classname="test_decorator.TestRetryDecoraton" name="test_severalException_failure" time="0.000" /><testcase classname="test_decorator.TestRetryDecoraton" name="test_severalException_success" time="0.000" /><testcase classname="test_decorator.TestRetryDecoraton" name="test_severalRetries_failure" time="0.000" /><testcase classname="test_decorator.TestRetryDecoraton" name="test_severalRetries_success" time="0.000" /><testcase classname="test_decorators.TestDeprecatedDecorator" name="test_deprecated_classmethod" time="0.000" /><testcase classname="test_decorators.TestDeprecatedDecorator" name="test_deprecated_instance_method" time="0.000" /><testcase classname="test_decorators.TestDeprecatedDecorator" name="test_deprecated_with_no_parameters" time="0.000" /><testcase classname="test_decorators.TestDeprecatedDecorator" name="test_deprecated_with_parameters" time="0.000" /><testcase classname="test_iterable.TestCluster" name="test_disjointClusters" time="0.000" /><testcase classname="test_iterable.TestCluster" name="test_jointClusters" time="0.000" /><testcase classname="test_iterable.TestCluster" name="test_twoclusters" time="0.000" /><testcase classname="test_iterable.TestUnzip" name="test_twolists" time="0.001" /><testcase classname="test_observable.TestObservableMixin" name="test_cantInsertSameListenerTwice" time="0.000" /><testcase classname="test_observable.TestObservableMixin" name="test_correctEventIsFired_noArgs" time="0.000" /><testcase classname="test_observable.TestObservableMixin" name="test_eventArguments" time="0.000" /><testcase classname="test_observable.TestObservableMixin" name="test_noEventFiredIfNoEventHandlerIsRegisteredForListener" time="0.000" /><testcase classname="test_observable.TestObservableMixin" name="test_removeListener" time="0.000" /><testcase classname="test_reflection.TestReflection" name="test_findClasses" time="0.058" /><testcase classname="test_reflection.TestReflection" name="test_findClasses_withPredicate" time="0.000" /><testcase classname="test_reflection.TestReflection" name="test_findSubModules" time="0.000" /><testcase classname="test_reflection.TestReflection" name="test_importModule" time="0.000" /><testcase classname="test_reflection.TestReflection" name="test_isValidClass_Fail" time="0.000" /><testcase classname="test_reflection.TestReflection" name="test_isValidClass_False" time="0.003" /><testcase classname="test_reflection.TestReflection" name="test_isValidClass_True" time="0.000" /><testcase classname="test_reflection.TestTrunkedProperty" name="test_border_case" time="0.001" /><testcase classname="test_reflection.TestTrunkedProperty" name="test_with_lists" time="0.000" /><testcase classname="test_reflection.TestTrunkedProperty" name="test_with_lists_and_suffix" time="0.000" /><testcase classname="test_reflection.TestTrunkedProperty" name="test_with_strings" time="0.000" /><testcase classname="test_reflection.TestTrunkedProperty" name="test_with_strings_and_suffix" time="0.000" /><testcase classname="test_urlfetcher.TestUrllibFetcher" name="test_content_length" time="0.473" /><testcase classname="test_urlfetcher.TestUrllibFetcher" name="test_content_length_headers" time="0.156" /><testcase classname="test_urlfetcher.TestUrllibFetcher" name="test_content_type" time="0.404" /><testcase classname="test_urlfetcher.TestUrllibFetcher" name="test_invalid_scheme" time="0.000" /><testcase classname="test_urlfetcher.TestUrllibFetcher" name="test_invalid_url" time="0.000" /><testcase classname="test_urlfetcher.TestUrllibFetcher" name="test_onyl_once" time="0.559" /><testcase classname="test_urlfetcher.TestUrllibFetcher" name="test_simple_fetch" time="0.529" /><testcase classname="test_urlfetcher.TestUrllibFetcher" name="test_timeout_fetcher" time="0.022" /><testcase classname="test_urlfetcher.TestUrllibFetcher" name="test_valid_content_type" time="0.465" /><testcase classname="test_urlfetcher.TestUrllibFetcher" name="test_valid_scheme" time="0.533" /><testcase classname="test_validate.TestValidators" name="test_all_elements_of_type" time="0.000" /><testcase classname="test_validate.TestValidators" name="test_all_elements_subclass_of" time="0.000" /><testcase classname="test_validate.TestValidators" name="test_is_of_type" time="0.000" /><testcase classname="test_validate.TestValidators" name="test_is_subclass" time="0.000" /><testcase classname="test_validate.TestValidators" name="test_is_true" time="0.000" /><testcase classname="test_validate.TestValidators" name="test_iterable" time="0.000" /><testcase classname="test_validate.TestValidators" name="test_no_none_elements" time="0.000" /><testcase classname="test_validate.TestValidators" name="test_not_empty" time="0.000" /><testcase classname="test_validate.TestValidators" name="test_not_none" time="0.000" /></testsuite>